
RESULT : PROPERIES OF R
= Reflective: 4
(1,1) (2,2) (3,3) (4,4) 
= Unsymmetrical!
= Transitive: 13
(1,1) (1,1) (1,1) 
(1,1) (1,2) (1,2) 
(1,1) (1,3) (1,3) 
(1,1) (1,4) (1,4) 
(1,2) (2,2) (1,2) 
(1,2) (2,4) (1,4) 
(1,3) (3,3) (1,3) 
(1,4) (4,4) (1,4) 
(2,2) (2,2) (2,2) 
(2,2) (2,4) (2,4) 
(2,4) (4,4) (2,4) 
(3,3) (3,3) (3,3) 
(4,4) (4,4) (4,4) 
= Disproportionate: 8
(1,1) (1,2) (1,3) (1,4) (2,2) (2,4) (3,3) (4,4) 

HASSE GRAPH : 
The largest element: does not exist!
The smallest element: 1
The relatively largest element: 4 
The relatively smallest element: 1
======================================================================
