--- DETECTION ALGORITHM code by Le Hong Phuc ---
A (7 instances), B (2 instances), C (6 instances)

    ALLOCATION      REQUEST         AVAILABLE       RECORD      
    A   B   C   |   A   B   C   |   A   B   C   |   A   B   C   |   
P0  0   1   0   |   0   0   0   |   0   0   0   |   0   1   0   |   
P1  2   0   0   |   2   0   2   |               |   7   2   6   |   
P2  3   0   3   |   0   0   0   |               |   3   1   3   |   
P3  2   1   1   |   1   0   0   |               |   5   2   4   |   
P4  0   0   2   |   0   0   2   |               |   5   2   6   |   

# Query for P0 (0, 0, 0) : P0 --> P2 --> P3 --> P4 --> P1
-----------------------------------------------------------------

    ALLOCATION      REQUEST         AVAILABLE       RECORD      
    A   B   C   |   A   B   C   |   A   B   C   |   A   B   C   |   
P0  0   1   0   |   0   0   0   |   0   0   0   |   0   1   0   |   
P1  2   0   0   |   2   0   2   |               |   0   0   0   |   
P2  3   0   3   |   0   0   1   |               |   0   0   0   |   
P3  2   1   1   |   1   0   0   |               |   0   0   0   |   
P4  0   0   2   |   0   0   2   |               |   0   0   0   |   

# Query for P2 (0, 0, 1) : Request cannot be executed
-----------------------------------------------------------------
