============================================ PROCESS LIST ============================================
Number of processes : 4
Name Arrival time   Burst time     
---- -------------- -------------- 
P1   5              7              
P2   1              4              
P3   3              2              
P4   2              2              

============================================ TRACE CHART =============================================
     0    1    2    3    4    5    6    7    8    9    10   11   12   13   14   15   16   17   
---- ---- ---- ---- ---- ---- ---- ---- ---- ---- ---- ---- ---- ---- ---- ---- ---- ---- ---- 
P1   0    0    0    0    0    7    7    7    7    7    6    5    4    3    2    1    0    0    
P2   0    4    3    3    3    3    3    2    1    0    0    0    0    0    0    0    0    0    
P3   0    0    0    2    2    1    0    0    0    0    0    0    0    0    0    0    0    0    
P4   0    0    2    1    0    0    0    0    0    0    0    0    0    0    0    0    0    0    

============================================ GANTT CHART =============================================
     0    1    2    3    4    5    6    7    8    9    10   11   12   13   14   15   16   17   
     |... | P2 | P4      | P3      | P2           | P1                               |... |

============================================ WAITING TIME ============================================
Waiting time of P1 : (9 - 5) = 4
Waiting time of P2 : (6 - 2) = 4
Waiting time of P3 : (4 - 3) = 1
Waiting time of P4 : 0
--------------------
Waiting time Average : (4 + 4 + 1 + 0) / 4 = 9 / 4 = 2.250000

